Mildret Gonzalez de la Cruz
Fecha: 26/11/2025 11:30:00 p. m.
Archivo: Gramatica.txt
--------------------------------------------------
Lenguaje = Simbolo
: = Simbolo
C = Simbolo
; = Simbolo
Producciones = Simbolo
: = Simbolo
Programa = Simbolo
, = Simbolo
Librerias = Simbolo
, = Simbolo
Variables = Simbolo
, = Simbolo
Main = Simbolo
; = Simbolo
Tokens = Simbolo
: = Simbolo
identificador = Simbolo
, = Simbolo
numero = Simbolo
, = Simbolo
asignacion = Simbolo
, = Simbolo
caracter = Simbolo
; = Simbolo
{ = Simbolo
Librerias = Simbolo
-> = Produce
# = Simbolo
include = Simbolo
h = Simbolo
\? = Epsilon
identificador = Simbolo
\? = Epsilon
| = Simbolo
Librerias = Simbolo
\? = Epsilon
\; = FinProduccion
